<?xml version="1.0" encoding="UTF-8"?>
<!-- Generated by org.testng.reporters.JUnitXMLReporter -->
<testsuite ignored="0" hostname="HarishGajjela" failures="0" tests="10" name="Surefire test" time="130.761" errors="0" timestamp="2023-06-19T11:08:46 IST">
  <testcase classname="tests.wduTest" name="verifyAjaxLoaderPopUpTest" time="8.751"/>
  <testcase classname="tests.wduTest" name="verifyAjaxLoaderPopUpTest" time="8.766"/>
  <testcase classname="tests.wduTest" name="verifyAjaxLoaderPopUpTest" time="8.748"/>
  <testcase classname="tests.wduTest" name="verifyAjaxLoaderPopUpTest" time="8.69"/>
  <testcase classname="tests.wduTest" name="verifyAjaxLoaderPopUpTest" time="8.756"/>
  <testcase classname="tests.wduTest" name="verifyAjaxLoaderPopUpTest" time="8.767"/>
  <testcase classname="tests.wduTest" name="verifyAjaxLoaderPopUpTest" time="8.778"/>
  <testcase classname="tests.wduTest" name="verifyAjaxLoaderPopUpTest" time="8.669"/>
  <testcase classname="tests.wduTest" name="verifyAjaxLoaderPopUpTest" time="8.856"/>
  <testcase classname="tests.wduTest" name="verifyAjaxLoaderPopUpTest" time="8.917"/>
</testsuite> <!-- Surefire test -->
