<?xml version="1.0" encoding="UTF-8"?>
<testng-results ignored="0" total="1" passed="1" failed="0" skipped="0">
  <reporter-output>
  </reporter-output>
  <suite started-at="2023-07-08T00:21:32 IST" name="Swag Labs Order suite" finished-at="2023-07-08T00:21:39 IST" duration-ms="6461">
    <groups>
    </groups>
    <test started-at="2023-07-08T00:21:32 IST" name="SwagLabsTest" finished-at="2023-07-08T00:21:39 IST" duration-ms="6461">
      <class name="tests.swagLabsTest">
        <test-method is-config="true" signature="getLoginCredentials()[pri:0, instance:tests.swagLabsTest@74e28667]" started-at="2023-07-08T00:21:32 IST" name="getLoginCredentials" finished-at="2023-07-08T00:21:32 IST" duration-ms="27" status="PASS">
          <reporter-output>
          </reporter-output>
        </test-method> <!-- getLoginCredentials -->
        <test-method is-config="true" signature="setUp()[pri:0, instance:tests.swagLabsTest@74e28667]" started-at="2023-07-08T00:21:32 IST" name="setUp" finished-at="2023-07-08T00:21:36 IST" duration-ms="3724" status="PASS">
          <reporter-output>
          </reporter-output>
        </test-method> <!-- setUp -->
        <test-method signature="verifySauceDemo_ThankYouOrderTest(java.lang.String,java.lang.String)[pri:1, instance:tests.swagLabsTest@74e28667]" started-at="2023-07-08T00:21:36 IST" name="verifySauceDemo_ThankYouOrderTest" data-provider="loginCredentials" finished-at="2023-07-08T00:21:38 IST" duration-ms="2199" status="PASS">
          <params>
            <param index="0">
              <value>
                <![CDATA[standard_user]]>
              </value>
            </param>
            <param index="1">
              <value>
                <![CDATA[secret_sauce]]>
              </value>
            </param>
          </params>
          <reporter-output>
          </reporter-output>
        </test-method> <!-- verifySauceDemo_ThankYouOrderTest -->
        <test-method is-config="true" signature="tearDown()[pri:0, instance:tests.swagLabsTest@74e28667]" started-at="2023-07-08T00:21:38 IST" name="tearDown" finished-at="2023-07-08T00:21:39 IST" duration-ms="460" status="PASS">
          <reporter-output>
          </reporter-output>
        </test-method> <!-- tearDown -->
      </class> <!-- tests.swagLabsTest -->
    </test> <!-- SwagLabsTest -->
  </suite> <!-- Swag Labs Order suite -->
</testng-results>
